**** Переходим в суперпользователя **** 
sudo -i

**** Смотрим диски ****
[root@localhost ~]# lsblk
NAME                    MAJ:MIN RM  SIZE RO TYPE MOUNTPOINT
sda                       8:0    0   40G  0 disk 
├─sda1                    8:1    0    1M  0 part 
├─sda2                    8:2    0    1G  0 part /boot
└─sda3                    8:3    0   39G  0 part 
  ├─VolGroup00-LogVol00 253:0    0 37.5G  0 lvm  /
  └─VolGroup00-LogVol01 253:1    0  1.5G  0 lvm  [SWAP]
sdb                       8:16   0   10G  0 disk 
sdc                       8:32   0    2G  0 disk 
sdd                       8:48   0    1G  0 disk 
sde                       8:64   0    1G  0 disk 
sdf                       8:80   0    1G  0 disk 
sdg                       8:96   0    1G  0 disk 
sdh                       8:112  0    1G  0 disk 

**** создаем физикал раздел на sdb и проверяем ****
pvcreate /dev/sdb
Physical volume "/dev/sdb" successfully created.
[root@localhost ~]# pvs
  PV         VG         Fmt  Attr PSize   PFree 
  /dev/sda3  VolGroup00 lvm2 a--  <38.97g     0 
  /dev/sdb              lvm2 ---   10.00g 10.00g

**** создаем volium grupp vg_root на sdb и проверяем ****
vgcreate vg_root /dev/sdb
Volume group "vg_root" successfully created
[root@localhost ~]# vgs
  VG         #PV #LV #SN Attr   VSize   VFree  
  VolGroup00   1   2   0 wz--n- <38.97g      0 
  vg_root      1   0   0 wz--n- <10.00g <10.00g

***** создаем logic volium lv_root на vg_root со 100% размером vg_root и проверяем ****
[root@localhost ~]# lvcreate -n lv_root -l +100%FREE /dev/vg_root
  Logical volume "lv_root" created.
[root@localhost ~]# lvs
  LV       VG         Attr       LSize   Pool Origin Data%  Meta%  Move Log Cpy%Sync Convert
  LogVol00 VolGroup00 -wi-ao---- <37.47g                                                    
  LogVol01 VolGroup00 -wi-ao----   1.50g                                                    
  lv_root  vg_root    -wi-a----- <10.00g 

**** создадим файловую систему на разделе lv_root ****
[root@localhost ~]# mkfs.xfs /dev/vg_root/lv_root
meta-data=/dev/vg_root/lv_root   isize=512    agcount=4, agsize=655104 blks
         =                       sectsz=512   attr=2, projid32bit=1
         =                       crc=1        finobt=0, sparse=0
data     =                       bsize=4096   blocks=2620416, imaxpct=25
         =                       sunit=0      swidth=0 blks
naming   =version 2              bsize=4096   ascii-ci=0 ftype=1
log      =internal log           bsize=4096   blocks=2560, version=2
         =                       sectsz=512   sunit=0 blks, lazy-count=1
realtime =none                   extsz=4096   blocks=0, rtextents=0
[root@localhost ~]# df -Th
Filesystem                      Type      Size  Used Avail Use% Mounted on
/dev/mapper/VolGroup00-LogVol00 xfs        38G  807M   37G   3% /
devtmpfs                        devtmpfs  109M     0  109M   0% /dev
tmpfs                           tmpfs     118M     0  118M   0% /dev/shm
tmpfs                           tmpfs     118M  4.5M  114M   4% /run
tmpfs                           tmpfs     118M     0  118M   0% /sys/fs/cgroup
/dev/sda2                       xfs      1014M   63M  952M   7% /boot
tmpfs                           tmpfs      24M     0   24M   0% /run/user/1000

**** монтируем раздел lv_root в mnt *****
[root@localhost ~]# mount /dev/vg_root/lv_root /mnt
[root@localhost ~]# tree /dev/vg_root/
/dev/vg_root/
└── lv_root -> ../dm-2
0 directories, 1 file

**** копируем все данные с / раздела в /mnt и проверяем ****
[root@localhost ~]# xfsdump -J - /dev/VolGroup00/LogVol00 | xfsrestore -J - /mnt
xfsdump: using file dump (drive_simple) strategy
xfsdump: version 3.1.7 (dump format 3.0)
xfsdump: level 0 dump of localhost.localdomain:/
xfsdump: dump date: Sat Jan 29 10:21:34 2022
xfsdump: session id: 05e45d00-310e-4213-8552-44b77e945bba
xfsdump: session label: ""
xfsrestore: using file dump (drive_simple) strategy
xfsrestore: version 3.1.7 (dump format 3.0)
xfsrestore: searching media for dump
xfsdump: ino map phase 1: constructing initial dump list
xfsdump: ino map phase 2: skipping (no pruning necessary)
xfsdump: ino map phase 3: skipping (only one dump stream)
xfsdump: ino map construction complete
xfsdump: estimated dump size: 806614464 bytes
xfsdump: creating dump session media file 0 (media 0, file 0)
xfsdump: dumping ino map
xfsdump: dumping directories
xfsrestore: examining media file 0
xfsrestore: dump description: 
xfsrestore: hostname: localhost.localdomain
xfsrestore: mount point: /
xfsrestore: volume: /dev/mapper/VolGroup00-LogVol00
xfsrestore: session time: Sat Jan 29 10:21:34 2022
xfsrestore: level: 0
xfsrestore: session label: ""
xfsrestore: media label: ""
xfsrestore: file system id: b60e9498-0baa-4d9f-90aa-069048217fee
xfsrestore: session id: 05e45d00-310e-4213-8552-44b77e945bba
xfsrestore: media id: 1c7773d7-a136-4ac3-85b2-bbc458be5351
xfsrestore: searching media for directory dump
xfsrestore: reading directories
xfsdump: dumping non-directory files
xfsrestore: 2703 directories and 23657 entries processed
xfsrestore: directory post-processing
xfsrestore: restoring non-directory files
xfsdump: ending media file
xfsdump: media file size 783566672 bytes
xfsdump: dump size (non-dir files) : 770370488 bytes
xfsdump: dump complete: 19 seconds elapsed
xfsdump: Dump Status: SUCCESS
xfsrestore: restore complete: 20 seconds elapsed
xfsrestore: Restore Status: SUCCESS
[root@localhost ~]# ls /mnt
bin  boot  dev  etc  home  lib  lib64  media  mnt  opt  proc  root  run  sbin  srv  sys  tmp  usr  var
[root@localhost ~]# 

**** изменяем конфигурацию grub ****
[root@localhost ~]# for i in /proc/ /sys/ /dev/ /run/ /boot/; do mount --bind $i /mnt/$i; done
[root@localhost ~]# chroot /mnt/
[root@localhost /]# grub2-mkconfig -o /boot/grub2/grub.cfg
Generating grub configuration file ...
Found linux image: /boot/vmlinuz-3.10.0-862.2.3.el7.x86_64
Found initrd image: /boot/initramfs-3.10.0-862.2.3.el7.x86_64.img
done

**** обновляем образ initrd ****

[root@localhost /]# cd /boot ; for i in `ls initramfs-*img`; do dracut -v $i `echo $i|sed "s/initramfs-//g;s/.img//g"` --force; done
Executing: /sbin/dracut -v initramfs-3.10.0-862.2.3.el7.x86_64.img 3.10.0-862.2.3.el7.x86_64 --force
dracut module 'busybox' will not be installed, because command 'busybox' could not be found!
dracut module 'crypt' will not be installed, because command 'cryptsetup' could not be found!
dracut module 'dmraid' will not be installed, because command 'dmraid' could not be found!
dracut module 'dmsquash-live-ntfs' will not be installed, because command 'ntfs-3g' could not be found!
dracut module 'multipath' will not be installed, because command 'multipath' could not be found!
dracut module 'busybox' will not be installed, because command 'busybox' could not be found!
dracut module 'crypt' will not be installed, because command 'cryptsetup' could not be found!
dracut module 'dmraid' will not be installed, because command 'dmraid' could not be found!
dracut module 'dmsquash-live-ntfs' will not be installed, because command 'ntfs-3g' could not be found!
dracut module 'multipath' will not be installed, because command 'multipath' could not be found!
*** Including module: bash ***
*** Including module: nss-softokn ***
*** Including module: i18n ***
*** Including module: drm ***
*** Including module: plymouth ***
*** Including module: dm ***
Skipping udev rule: 64-device-mapper.rules
Skipping udev rule: 60-persistent-storage-dm.rules
Skipping udev rule: 55-dm.rules
*** Including module: kernel-modules ***
Omitting driver floppy
*** Including module: lvm ***
Skipping udev rule: 64-device-mapper.rules
Skipping udev rule: 56-lvm.rules
Skipping udev rule: 60-persistent-storage-lvm.rules
*** Including module: qemu ***
*** Including module: resume ***
*** Including module: rootfs-block ***
*** Including module: terminfo ***
*** Including module: udev-rules ***
Skipping udev rule: 40-redhat-cpu-hotplug.rules
Skipping udev rule: 91-permissions.rules
*** Including module: biosdevname ***
*** Including module: systemd ***
*** Including module: usrmount ***
*** Including module: base ***
*** Including module: fs-lib ***
*** Including module: shutdown ***
*** Including modules done ***
*** Installing kernel module dependencies and firmware ***
*** Installing kernel module dependencies and firmware done ***
*** Resolving executable dependencies ***
*** Resolving executable dependencies done***
*** Hardlinking files ***
*** Hardlinking files done ***
*** Stripping files ***
*** Stripping files done ***
*** Generating early-microcode cpio image contents ***
*** No early-microcode cpio image needed ***
*** Store current command line parameters ***
*** Creating image file ***
*** Creating image file done ***
*** Creating initramfs image file '/boot/initramfs-3.10.0-862.2.3.el7.x86_64.img' done ***
[root@localhost boot]# 

**** редактируем grub.cfg для монтирования небходимого root при загрузки ****
vi /boot/grub2/grub.cfg

---linux16 /vmlinuz-3.10.0-862.2.3.el7.x86_64 root=/dev/mapper/vg_root-lv_root ro no_timer_check console=tty0 console=ttyS0,115200n8 net.ifnames=0 biosdevname=0 elevator=noop crashkernel=auto rd.lvm.lv=vg_root/lv_root rd.lvm.lv=VolGroup00/LogVol01 rhgb quiet

**** перегружаемся ****
[root@localhost boot]# reboot

**** проверяем разделы *****
[vagrant@localhost ~]$ lsblk
NAME                    MAJ:MIN RM  SIZE RO TYPE MOUNTPOINT
sda                       8:0    0   40G  0 disk 
├─sda1                    8:1    0    1M  0 part 
├─sda2                    8:2    0    1G  0 part /boot
└─sda3                    8:3    0   39G  0 part 
  ├─VolGroup00-LogVol01 253:1    0  1.5G  0 lvm  [SWAP]
  └─VolGroup00-LogVol00 253:2    0 37.5G  0 lvm  
sdb                       8:16   0   10G  0 disk 
└─vg_root-lv_root       253:0    0   10G  0 lvm  /
sdc                       8:32   0    2G  0 disk 
sdd                       8:48   0    1G  0 disk 
sde                       8:64   0    1G  0 disk 
sdf                       8:80   0    1G  0 disk 
sdg                       8:96   0    1G  0 disk 
sdh                       8:112  0    1G  0 disk

**** удаляем LogVol00 ****
[root@localhost ~]# lvremove /dev/VolGroup00/LogVol00
Do you really want to remove active logical volume VolGroup00/LogVol00? [y/n]: y
  Logical volume "LogVol00" successfully removed
[root@localhost ~]# lvs
  LV       VG         Attr       LSize   Pool Origin Data%  Meta%  Move Log Cpy%Sync Convert
  LogVol01 VolGroup00 -wi-ao----   1.50g                                                    
  lv_root  vg_root    -wi-ao---- <10.00g 

**** создаем LogVol00 размеров 8G ****
[root@localhost ~]# lvcreate -n VolGroup00/LogVol00 -L 8G /dev/VolGroup00
WARNING: xfs signature detected on /dev/VolGroup00/LogVol00 at offset 0. Wipe it? [y/n]: y
  Wiping xfs signature on /dev/VolGroup00/LogVol00.
  Logical volume "LogVol00" created.
[root@localhost ~]# lvs
  LV       VG         Attr       LSize   Pool Origin Data%  Meta%  Move Log Cpy%Sync Convert
  LogVol00 VolGroup00 -wi-a-----   8.00g                                                    
  LogVol01 VolGroup00 -wi-ao----   1.50g                                                    
  lv_root  vg_root    -wi-ao---- <10.00g 

  **** Создадим файловую систему на разделе LogVol00 ****
[root@localhost ~]# mkfs.xfs /dev/VolGroup00/LogVol00
meta-data=/dev/VolGroup00/LogVol00 isize=512    agcount=4, agsize=524288 blks
         =                       sectsz=512   attr=2, projid32bit=1
         =                       crc=1        finobt=0, sparse=0
data     =                       bsize=4096   blocks=2097152, imaxpct=25
         =                       sunit=0      swidth=0 blks
naming   =version 2              bsize=4096   ascii-ci=0 ftype=1
log      =internal log           bsize=4096   blocks=2560, version=2
         =                       sectsz=512   sunit=0 blks, lazy-count=1
realtime =none                   extsz=4096   blocks=0, rtextents=0
 
**** монтируем раздел LogVol00 в mnt ****
[root@localhost ~]# df -Th
Filesystem                      Type      Size  Used Avail Use% Mounted on
/dev/mapper/vg_root-lv_root     xfs        10G  806M  9.3G   8% /
devtmpfs                        devtmpfs  110M     0  110M   0% /dev
tmpfs                           tmpfs     118M     0  118M   0% /dev/shm
tmpfs                           tmpfs     118M  4.5M  114M   4% /run
tmpfs                           tmpfs     118M     0  118M   0% /sys/fs/cgroup
/dev/sda2                       xfs      1014M   61M  954M   6% /boot
tmpfs                           tmpfs      24M     0   24M   0% /run/user/1000
/dev/mapper/VolGroup00-LogVol00 xfs       8.0G   33M  8.0G   1% /mnt

**** Копируем все данные с / раздела в /mnt и проверяем ****
[root@localhost ~]# ls /mnt
bin  boot  dev  etc  home  lib  lib64  media  mnt  opt  proc  root  run  sbin  srv  sys  tmp  usr  var

**** Изменяем конфигурацию grub ****
[root@localhost ~]# for i in /proc/ /sys/ /dev/ /run/ /boot/; do mount --bind $i /mnt/$i; done
[root@localhost ~]# chroot /mnt/
[root@localhost /]# grub2-mkconfig -o /boot/grub2/grub.cfg
Generating grub configuration file ...
Found linux image: /boot/vmlinuz-3.10.0-862.2.3.el7.x86_64
Found initrd image: /boot/initramfs-3.10.0-862.2.3.el7.x86_64.img
done
[root@localhost /]# cd /boot ; for i in `ls initramfs-*img`; do dracut -v $i `echo $i|sed "s/initramfs-//g; 
> s/.img//g"` --force; done
Executing: /sbin/dracut -v initramfs-3.10.0-862.2.3.el7.x86_64.img 3.10.0-862.2.3.el7.x86_64 --force
dracut module 'busybox' will not be installed, because command 'busybox' could not be found!
dracut module 'crypt' will not be installed, because command 'cryptsetup' could not be found!
dracut module 'dmraid' will not be installed, because command 'dmraid' could not be found!
dracut module 'dmsquash-live-ntfs' will not be installed, because command 'ntfs-3g' could not be found!
dracut module 'multipath' will not be installed, because command 'multipath' could not be found!
dracut module 'busybox' will not be installed, because command 'busybox' could not be found!
dracut module 'crypt' will not be installed, because command 'cryptsetup' could not be found!
dracut module 'dmraid' will not be installed, because command 'dmraid' could not be found!
dracut module 'dmsquash-live-ntfs' will not be installed, because command 'ntfs-3g' could not be found!
dracut module 'multipath' will not be installed, because command 'multipath' could not be found!
*** Including module: bash ***
*** Including module: nss-softokn ***
*** Including module: i18n ***
*** Including module: drm ***
*** Including module: plymouth ***
*** Including module: dm ***
Skipping udev rule: 64-device-mapper.rules
Skipping udev rule: 60-persistent-storage-dm.rules
Skipping udev rule: 55-dm.rules
*** Including module: kernel-modules ***
Omitting driver floppy
*** Including module: lvm ***
Skipping udev rule: 64-device-mapper.rules
Skipping udev rule: 56-lvm.rules
Skipping udev rule: 60-persistent-storage-lvm.rules
*** Including module: qemu ***
*** Including module: resume ***
*** Including module: rootfs-block ***
*** Including module: terminfo ***
*** Including module: udev-rules ***
Skipping udev rule: 40-redhat-cpu-hotplug.rules
Skipping udev rule: 91-permissions.rules
*** Including module: biosdevname ***
*** Including module: systemd ***
*** Including module: usrmount ***
*** Including module: base ***
*** Including module: fs-lib ***
*** Including module: shutdown ***
*** Including modules done ***
*** Installing kernel module dependencies and firmware ***
*** Installing kernel module dependencies and firmware done ***
*** Resolving executable dependencies ***
*** Resolving executable dependencies done***
*** Hardlinking files ***
*** Hardlinking files done ***
*** Stripping files ***
*** Stripping files done ***
*** Generating early-microcode cpio image contents ***
*** No early-microcode cpio image needed ***
*** Store current command line parameters ***
*** Creating image file ***
*** Creating image file done ***
*** Creating initramfs image file '/boot/initramfs-3.10.0-862.2.3.el7.x86_64.img' done ***
[root@localhost boot]#

**** создаем  Physical Volumes на sdc, sdd *****
[root@localhost boot]# pvcreate /dev/sdc /dev/sdd
  Physical volume "/dev/sdc" successfully created.
  Physical volume "/dev/sdd" successfully created.

**** создаем vg на sdc и sdd ****
[root@localhost boot]# vgcreate vg_var /dev/sdc /dev/sdd
  Volume group "vg_var" successfully created

**** создаем lv размером 950M ****
[root@localhost boot]# lvcreate -L 950M -m1 -n lv_var vg_var
  Rounding up size to full physical extent 952.00 MiB
  Logical volume "lv_var" created

**** создаем файловую систему ext4 на lv_var ******
 [root@localhost boot]# mkfs.ext4 /dev/vg_var/lv_var
mke2fs 1.42.9 (28-Dec-2013)
Filesystem label=
OS type: Linux
Block size=4096 (log=2)
Fragment size=4096 (log=2)
Stride=0 blocks, Stripe width=0 blocks
60928 inodes, 243712 blocks
12185 blocks (5.00%) reserved for the super user
First data block=0
Maximum filesystem blocks=249561088
8 block groups
32768 blocks per group, 32768 fragments per group
7616 inodes per group
Superblock backups stored on blocks: 
	32768, 98304, 163840, 229376

Allocating group tables: done                            
Writing inode tables: done                            
Creating journal (4096 blocks): done
Writing superblocks and filesystem accounting information: done

**** монтируем lv_var ****
[root@localhost boot]# mount /dev/vg_var/lv_var /mnt
[root@localhost boot]# cp -aR /var/* /mnt/
[root@localhost boot]# rsync -avHPSAX /var/ /mnt
sending incremental file list
./
.updated
            163 100%    0.00kB/s    0:00:00 (xfr#1, ir-chk=1028/1030)

sent 130,776 bytes  received 564 bytes  262,680.00 bytes/sec
total size is 180,058,331  speedup is 1,370.93

**** резервируем var ****
mkdir /tmp/oldvar && mv /var/* /tmp/oldvar

**** mount new var in catolog /var ****
[root@localhost boot]# umount /mnt
[root@localhost boot]# mount /dev/vg_var/lv_var /var

**** fstab  /var ****
[root@localhost boot]# echo "`blkid | grep var: | awk '{print $2}'` /var ext4 defaults 0 0" >> /etc/fstab

**** перегружаем и проверяем *****
[vagrant@localhost ~]$ lsblk
NAME                     MAJ:MIN RM  SIZE RO TYPE MOUNTPOINT
sda                        8:0    0   40G  0 disk 
├─sda1                     8:1    0    1M  0 part 
├─sda2                     8:2    0    1G  0 part /boot
└─sda3                     8:3    0   39G  0 part 
  ├─VolGroup00-LogVol00  253:0    0    8G  0 lvm  /
  └─VolGroup00-LogVol01  253:1    0  1.5G  0 lvm  [SWAP]
sdb                        8:16   0   10G  0 disk 
└─vg_root-lv_root        253:5    0   10G  0 lvm  
sdc                        8:32   0    2G  0 disk 
├─vg_var-lv_var_rmeta_0  253:2    0    4M  0 lvm  
│ └─vg_var-lv_var        253:7    0  952M  0 lvm  /var
└─vg_var-lv_var_rimage_0 253:3    0  952M  0 lvm  
  └─vg_var-lv_var        253:7    0  952M  0 lvm  /var
sdd                        8:48   0    1G  0 disk 
├─vg_var-lv_var_rmeta_1  253:4    0    4M  0 lvm  
│ └─vg_var-lv_var        253:7    0  952M  0 lvm  /var
└─vg_var-lv_var_rimage_1 253:6    0  952M  0 lvm  
  └─vg_var-lv_var        253:7    0  952M  0 lvm  /var
sde                        8:64   0    1G  0 disk 
sdf                        8:80   0    1G  0 disk 
sdg                        8:96   0    1G  0 disk 
sdh                        8:112  0    1G  0 disk 

**** Удаляем lv_root, vg_root и Physical Volumes **** 
[root@localhost ~]# lvs
  LV       VG         Attr       LSize   Pool Origin Data%  Meta%  Move Log Cpy%Sync Convert
  LogVol00 VolGroup00 -wi-ao----   8.00g                                                    
  LogVol01 VolGroup00 -wi-ao----   1.50g                                                    
  lv_root  vg_root    -wi-a----- <10.00g                                                    
  lv_var   vg_var     rwi-aor--- 952.00m                                    100.00          
[root@localhost ~]# lvremove /dev/vg_root/lv_root
Do you really want to remove active logical volume vg_root/lv_root? [y/n]: y
  Logical volume "lv_root" successfully removed
[root@localhost ~]# lvs
  LV       VG         Attr       LSize   Pool Origin Data%  Meta%  Move Log Cpy%Sync Convert
  LogVol00 VolGroup00 -wi-ao----   8.00g                                                    
  LogVol01 VolGroup00 -wi-ao----   1.50g                                                    
  lv_var   vg_var     rwi-aor--- 952.00m                                    100.00          
[root@localhost ~]# vgs
  VG         #PV #LV #SN Attr   VSize   VFree  
  VolGroup00   1   2   0 wz--n- <38.97g <29.47g
  vg_root      1   0   0 wz--n- <10.00g <10.00g
  vg_var       2   1   0 wz--n-   2.99g   1.12g
[root@localhost ~]# vgremove /dev/vg_root
  Volume group "vg_root" successfully removed
[root@localhost ~]# vgs
  VG         #PV #LV #SN Attr   VSize   VFree  
  VolGroup00   1   2   0 wz--n- <38.97g <29.47g
  vg_var       2   1   0 wz--n-   2.99g   1.12g
[root@localhost ~]# pvs
  PV         VG         Fmt  Attr PSize    PFree  
  /dev/sda3  VolGroup00 lvm2 a--   <38.97g <29.47g
  /dev/sdb              lvm2 ---    10.00g  10.00g
  /dev/sdc   vg_var     lvm2 a--    <2.00g   1.06g
  /dev/sdd   vg_var     lvm2 a--  1020.00m  64.00m
[root@localhost ~]# pvremove /dev/sdb
  Labels on physical volume "/dev/sdb" successfully wiped.
[root@localhost ~]# pvs
  PV         VG         Fmt  Attr PSize    PFree  
  /dev/sda3  VolGroup00 lvm2 a--   <38.97g <29.47g
  /dev/sdc   vg_var     lvm2 a--    <2.00g   1.06g
  /dev/sdd   vg_var     lvm2 a--  1020.00m  64.00m

****  Создаем том /home по тому же принципу что делали для /var:*****
[root@localhost ~]# lvcreate -n LogVol_Home -L 2G /dev/VolGroup00
  Logical volume "LogVol_Home" created.
[root@localhost ~]# lvs
  LV          VG         Attr       LSize   Pool Origin Data%  Meta%  Move Log Cpy%Sync Convert
  LogVol00    VolGroup00 -wi-ao----   8.00g                                                    
  LogVol01    VolGroup00 -wi-ao----   1.50g                                                    
  LogVol_Home VolGroup00 -wi-a-----   2.00g                                                    
  lv_var      vg_var     rwi-aor--- 952.00m  
  [root@localhost ~]# mkfs.xfs /dev/VolGroup00/LogVol_Home
meta-data=/dev/VolGroup00/LogVol_Home isize=512    agcount=4, agsize=131072 blks
         =                       sectsz=512   attr=2, projid32bit=1
         =                       crc=1        finobt=0, sparse=0
data     =                       bsize=4096   blocks=524288, imaxpct=25
         =                       sunit=0      swidth=0 blks
naming   =version 2              bsize=4096   ascii-ci=0 ftype=1
log      =internal log           bsize=4096   blocks=2560, version=2
         =                       sectsz=512   sunit=0 blks, lazy-count=1
realtime =none                   extsz=4096   blocks=0, rtextents=0
[root@localhost ~]# mount /dev/VolGroup00/LogVol_Home /mnt/
[root@localhost ~]# cp -aR /home/* /mnt/  
[root@localhost ~]# rm -rf /home/*
[root@localhost ~]# umount /mnt
[root@localhost ~]# mount /dev/VolGroup00/LogVol_Home /home/

**** Правим fstab для автоматического монтирования /home ****
[root@localhost ~]# echo "`blkid | grep Home | awk '{print $2}'` /home xfs defaults 0 0" >> /etc/fstab

**** Сгенерируем файлы в /home/: ****
[root@localhost ~]# touch /home/file{1..20}

**** Снемаем снапшот: ****
[root@localhost ~]# lvcreate -L 100MB -s -n home_snap /dev/VolGroup00/LogVol_Home
  Rounding up size to full physical extent 128.00 MiB
  Logical volume "home_snap" created.

****  Удаляем часть файлов: ****
[root@localhost ~]# rm -f /home/file{11..20}
[root@localhost ~]# ls /home
file1  file10  file2  file3  file4  file5  file6  file7  file8  file9  vagrant

**** Восстанавливаем файлы из снапшота: ****
[root@localhost ~]# umount /home
[root@localhost ~]# lvconvert --merge /dev/VolGroup00/home_snap
  Merging of volume VolGroup00/home_snap started.
  VolGroup00/LogVol_Home: Merged: 100.00%
[root@localhost ~]# mount /home
[root@localhost ~]# ls /home
file1   file11  file13  file15  file17  file19  file20  file4  file6  file8  vagrant
file10  file12  file14  file16  file18  file2   file3   file5  file7  file9